Determining if the pthread_create exist failed with the following output:
Change Dir: /home/shaxpy/ey_catkin/build/pkg_task0/CMakeFiles/CMakeTmp

Run Build Command:"/usr/bin/make" "cmTC_bc021/fast"
/usr/bin/make -f CMakeFiles/cmTC_bc021.dir/build.make CMakeFiles/cmTC_bc021.dir/build
make[1]: Entering directory '/home/shaxpy/ey_catkin/build/pkg_task0/CMakeFiles/CMakeTmp'
Building C object CMakeFiles/cmTC_bc021.dir/CheckSymbolExists.c.o
/usr/bin/cc    -o CMakeFiles/cmTC_bc021.dir/CheckSymbolExists.c.o   -c /home/shaxpy/ey_catkin/build/pkg_task0/CMakeFiles/CMakeTmp/CheckSymbolExists.c
Linking C executable cmTC_bc021
/usr/bin/cmake -E cmake_link_script CMakeFiles/cmTC_bc021.dir/link.txt --verbose=1
/usr/bin/cc      -rdynamic CMakeFiles/cmTC_bc021.dir/CheckSymbolExists.c.o  -o cmTC_bc021 
CMakeFiles/cmTC_bc021.dir/CheckSymbolExists.c.o: In function `main':
CheckSymbolExists.c:(.text+0x1b): undefined reference to `pthread_create'
collect2: error: ld returned 1 exit status
CMakeFiles/cmTC_bc021.dir/build.make:97: recipe for target 'cmTC_bc021' failed
make[1]: *** [cmTC_bc021] Error 1
make[1]: Leaving directory '/home/shaxpy/ey_catkin/build/pkg_task0/CMakeFiles/CMakeTmp'
Makefile:126: recipe for target 'cmTC_bc021/fast' failed
make: *** [cmTC_bc021/fast] Error 2

File /home/shaxpy/ey_catkin/build/pkg_task0/CMakeFiles/CMakeTmp/CheckSymbolExists.c:
/* */
#include <pthread.h>

int main(int argc, char** argv)
{
  (void)argv;
#ifndef pthread_create
  return ((int*)(&pthread_create))[argc];
#else
  (void)argc;
  return 0;
#endif
}

Determining if the function pthread_create exists in the pthreads failed with the following output:
Change Dir: /home/shaxpy/ey_catkin/build/pkg_task0/CMakeFiles/CMakeTmp

Run Build Command:"/usr/bin/make" "cmTC_67c18/fast"
/usr/bin/make -f CMakeFiles/cmTC_67c18.dir/build.make CMakeFiles/cmTC_67c18.dir/build
make[1]: Entering directory '/home/shaxpy/ey_catkin/build/pkg_task0/CMakeFiles/CMakeTmp'
Building C object CMakeFiles/cmTC_67c18.dir/CheckFunctionExists.c.o
/usr/bin/cc   -DCHECK_FUNCTION_EXISTS=pthread_create   -o CMakeFiles/cmTC_67c18.dir/CheckFunctionExists.c.o   -c /usr/share/cmake-3.10/Modules/CheckFunctionExists.c
Linking C executable cmTC_67c18
/usr/bin/cmake -E cmake_link_script CMakeFiles/cmTC_67c18.dir/link.txt --verbose=1
/usr/bin/cc  -DCHECK_FUNCTION_EXISTS=pthread_create    -rdynamic CMakeFiles/cmTC_67c18.dir/CheckFunctionExists.c.o  -o cmTC_67c18 -lpthreads 
/usr/bin/ld: cannot find -lpthreads
collect2: error: ld returned 1 exit status
CMakeFiles/cmTC_67c18.dir/build.make:97: recipe for target 'cmTC_67c18' failed
make[1]: *** [cmTC_67c18] Error 1
make[1]: Leaving directory '/home/shaxpy/ey_catkin/build/pkg_task0/CMakeFiles/CMakeTmp'
Makefile:126: recipe for target 'cmTC_67c18/fast' failed
make: *** [cmTC_67c18/fast] Error 2


