Not searching for unused variables given on the command line.
[36m--[0m The C compiler identification is GNU 7.3.0
[36m--[0m The CXX compiler identification is GNU 7.3.0
[36m--[0m Check for working C compiler: /home/shaxpy/anaconda3/bin/x86_64-conda_cos6-linux-gnu-cc
[36m--[0m Check for working C compiler: /home/shaxpy/anaconda3/bin/x86_64-conda_cos6-linux-gnu-cc -- works
[36m--[0m Detecting C compiler ABI info
[36m--[0m Detecting C compiler ABI info - done
[36m--[0m Detecting C compile features
[36m--[0m Detecting C compile features - done
[36m--[0m Check for working CXX compiler: /home/shaxpy/anaconda3/bin/x86_64-conda_cos6-linux-gnu-c++
[36m--[0m Check for working CXX compiler: /home/shaxpy/anaconda3/bin/x86_64-conda_cos6-linux-gnu-c++ -- works
[36m--[0m Detecting CXX compiler ABI info
[36m--[0m Detecting CXX compiler ABI info - done
[36m--[0m Detecting CXX compile features
[36m--[0m Detecting CXX compile features - done
[36m--[0m Using CATKIN_DEVEL_PREFIX: /home/shaxpy/ey_catkin/devel/.private/pkg_ros_actions
[36m--[0m Using CMAKE_PREFIX_PATH: /home/shaxpy/ey_catkin/devel;/home/shaxpy/catkin_ws/devel;/opt/ros/melodic;/home/shaxpy/anaconda3;/home/shaxpy/anaconda3/x86_64-conda_cos6-linux-gnu/sysroot/usr
[36m--[0m This workspace overlays: /home/shaxpy/ey_catkin/devel;/home/shaxpy/catkin_ws/devel;/opt/ros/melodic
[36m--[0m Found PythonInterp: /usr/bin/python2 (found suitable version "2.7.17", minimum required is "2")
[36m--[0m Using PYTHON_EXECUTABLE: /usr/bin/python2
[36m--[0m Using Debian Python package layout
[36m--[0m Using empy: /usr/bin/empy
[36m--[0m Using CATKIN_ENABLE_TESTING: ON
[36m--[0m Call enable_testing()
[36m--[0m Using CATKIN_TEST_RESULTS_DIR: /home/shaxpy/ey_catkin/build/pkg_ros_actions/test_results
[36m--[0m Found gtest sources under '/usr/src/googletest': gtests will be built
[36m--[0m Found gmock sources under '/usr/src/googletest': gmock will be built
[36m--[0m Found PythonInterp: /usr/bin/python2 (found version "2.7.17")
[36m--[0m Looking for pthread.h
[36m--[0m Looking for pthread.h - found
[36m--[0m Looking for pthread_create
[36m--[0m Looking for pthread_create - not found
[36m--[0m Looking for pthread_create in pthreads
[36m--[0m Looking for pthread_create in pthreads - not found
[36m--[0m Looking for pthread_create in pthread
[36m--[0m Looking for pthread_create in pthread - found
[36m--[0m Found Threads: TRUE
[36m--[0m Using Python nosetests: /usr/bin/nosetests-2.7
[36m--[0m catkin 0.7.28
[36m--[0m BUILD_SHARED_LIBS is on
[36m--[0m Using these message generators: gencpp;geneus;genlisp;gennodejs;genpy
[31m[1mCMake Error[0m at /opt/ros/melodic/share/catkin/cmake/assert.cmake:20 (message):


  Assertion failed: file
  '/home/shaxpy/ey_catkin/src/pkg_ros_actions/action/myActionMsg.action' does
  not exist.  Message: action file not found

[36mCall Stack (most recent call first):[0m
  /opt/ros/melodic/share/actionlib_msgs/cmake/actionlib_msgs-extras.cmake:35 (assert_file_exists)
  CMakeLists.txt:13 (add_action_files)


[36m--[0m Configuring incomplete, errors occurred!
See also "/home/shaxpy/ey_catkin/build/pkg_ros_actions/CMakeFiles/CMakeOutput.log".
See also "/home/shaxpy/ey_catkin/build/pkg_ros_actions/CMakeFiles/CMakeError.log".
