Linked: (/home/shaxpy/ey_catkin/devel/.private/pkg_ros_actions/include/pkg_ros_actions/myActionMsgActionResult.h, /home/shaxpy/ey_catkin/devel/include/pkg_ros_actions/myActionMsgActionResult.h)
Linked: (/home/shaxpy/ey_catkin/devel/.private/pkg_ros_actions/include/pkg_ros_actions/myActionMsgResult.h, /home/shaxpy/ey_catkin/devel/include/pkg_ros_actions/myActionMsgResult.h)
Linked: (/home/shaxpy/ey_catkin/devel/.private/pkg_ros_actions/include/pkg_ros_actions/myActionMsgGoal.h, /home/shaxpy/ey_catkin/devel/include/pkg_ros_actions/myActionMsgGoal.h)
Linked: (/home/shaxpy/ey_catkin/devel/.private/pkg_ros_actions/include/pkg_ros_actions/myActionMsgAction.h, /home/shaxpy/ey_catkin/devel/include/pkg_ros_actions/myActionMsgAction.h)
Linked: (/home/shaxpy/ey_catkin/devel/.private/pkg_ros_actions/include/pkg_ros_actions/myActionMsgActionFeedback.h, /home/shaxpy/ey_catkin/devel/include/pkg_ros_actions/myActionMsgActionFeedback.h)
Linked: (/home/shaxpy/ey_catkin/devel/.private/pkg_ros_actions/include/pkg_ros_actions/myActionMsgFeedback.h, /home/shaxpy/ey_catkin/devel/include/pkg_ros_actions/myActionMsgFeedback.h)
Linked: (/home/shaxpy/ey_catkin/devel/.private/pkg_ros_actions/include/pkg_ros_actions/myActionMsgActionGoal.h, /home/shaxpy/ey_catkin/devel/include/pkg_ros_actions/myActionMsgActionGoal.h)
Linked: (/home/shaxpy/ey_catkin/devel/.private/pkg_ros_actions/share/gennodejs/ros/pkg_ros_actions/_index.js, /home/shaxpy/ey_catkin/devel/share/gennodejs/ros/pkg_ros_actions/_index.js)
Linked: (/home/shaxpy/ey_catkin/devel/.private/pkg_ros_actions/share/gennodejs/ros/pkg_ros_actions/msg/myActionMsgActionResult.js, /home/shaxpy/ey_catkin/devel/share/gennodejs/ros/pkg_ros_actions/msg/myActionMsgActionResult.js)
Linked: (/home/shaxpy/ey_catkin/devel/.private/pkg_ros_actions/share/gennodejs/ros/pkg_ros_actions/msg/myActionMsgActionFeedback.js, /home/shaxpy/ey_catkin/devel/share/gennodejs/ros/pkg_ros_actions/msg/myActionMsgActionFeedback.js)
Linked: (/home/shaxpy/ey_catkin/devel/.private/pkg_ros_actions/share/gennodejs/ros/pkg_ros_actions/msg/myActionMsgActionGoal.js, /home/shaxpy/ey_catkin/devel/share/gennodejs/ros/pkg_ros_actions/msg/myActionMsgActionGoal.js)
Linked: (/home/shaxpy/ey_catkin/devel/.private/pkg_ros_actions/share/gennodejs/ros/pkg_ros_actions/msg/myActionMsgFeedback.js, /home/shaxpy/ey_catkin/devel/share/gennodejs/ros/pkg_ros_actions/msg/myActionMsgFeedback.js)
Linked: (/home/shaxpy/ey_catkin/devel/.private/pkg_ros_actions/share/gennodejs/ros/pkg_ros_actions/msg/myActionMsgResult.js, /home/shaxpy/ey_catkin/devel/share/gennodejs/ros/pkg_ros_actions/msg/myActionMsgResult.js)
Linked: (/home/shaxpy/ey_catkin/devel/.private/pkg_ros_actions/share/gennodejs/ros/pkg_ros_actions/msg/_index.js, /home/shaxpy/ey_catkin/devel/share/gennodejs/ros/pkg_ros_actions/msg/_index.js)
Linked: (/home/shaxpy/ey_catkin/devel/.private/pkg_ros_actions/share/gennodejs/ros/pkg_ros_actions/msg/myActionMsgAction.js, /home/shaxpy/ey_catkin/devel/share/gennodejs/ros/pkg_ros_actions/msg/myActionMsgAction.js)
Linked: (/home/shaxpy/ey_catkin/devel/.private/pkg_ros_actions/share/gennodejs/ros/pkg_ros_actions/msg/myActionMsgGoal.js, /home/shaxpy/ey_catkin/devel/share/gennodejs/ros/pkg_ros_actions/msg/myActionMsgGoal.js)
Linked: (/home/shaxpy/ey_catkin/devel/.private/pkg_ros_actions/share/roseus/ros/pkg_ros_actions/manifest.l, /home/shaxpy/ey_catkin/devel/share/roseus/ros/pkg_ros_actions/manifest.l)
Linked: (/home/shaxpy/ey_catkin/devel/.private/pkg_ros_actions/share/roseus/ros/pkg_ros_actions/msg/myActionMsgActionFeedback.l, /home/shaxpy/ey_catkin/devel/share/roseus/ros/pkg_ros_actions/msg/myActionMsgActionFeedback.l)
Linked: (/home/shaxpy/ey_catkin/devel/.private/pkg_ros_actions/share/roseus/ros/pkg_ros_actions/msg/myActionMsgResult.l, /home/shaxpy/ey_catkin/devel/share/roseus/ros/pkg_ros_actions/msg/myActionMsgResult.l)
Linked: (/home/shaxpy/ey_catkin/devel/.private/pkg_ros_actions/share/roseus/ros/pkg_ros_actions/msg/myActionMsgActionResult.l, /home/shaxpy/ey_catkin/devel/share/roseus/ros/pkg_ros_actions/msg/myActionMsgActionResult.l)
Linked: (/home/shaxpy/ey_catkin/devel/.private/pkg_ros_actions/share/roseus/ros/pkg_ros_actions/msg/myActionMsgActionGoal.l, /home/shaxpy/ey_catkin/devel/share/roseus/ros/pkg_ros_actions/msg/myActionMsgActionGoal.l)
Linked: (/home/shaxpy/ey_catkin/devel/.private/pkg_ros_actions/share/roseus/ros/pkg_ros_actions/msg/myActionMsgGoal.l, /home/shaxpy/ey_catkin/devel/share/roseus/ros/pkg_ros_actions/msg/myActionMsgGoal.l)
Linked: (/home/shaxpy/ey_catkin/devel/.private/pkg_ros_actions/share/roseus/ros/pkg_ros_actions/msg/myActionMsgAction.l, /home/shaxpy/ey_catkin/devel/share/roseus/ros/pkg_ros_actions/msg/myActionMsgAction.l)
Linked: (/home/shaxpy/ey_catkin/devel/.private/pkg_ros_actions/share/roseus/ros/pkg_ros_actions/msg/myActionMsgFeedback.l, /home/shaxpy/ey_catkin/devel/share/roseus/ros/pkg_ros_actions/msg/myActionMsgFeedback.l)
Linked: (/home/shaxpy/ey_catkin/devel/.private/pkg_ros_actions/share/common-lisp/ros/pkg_ros_actions/msg/myActionMsgActionGoal.lisp, /home/shaxpy/ey_catkin/devel/share/common-lisp/ros/pkg_ros_actions/msg/myActionMsgActionGoal.lisp)
Linked: (/home/shaxpy/ey_catkin/devel/.private/pkg_ros_actions/share/common-lisp/ros/pkg_ros_actions/msg/myActionMsgGoal.lisp, /home/shaxpy/ey_catkin/devel/share/common-lisp/ros/pkg_ros_actions/msg/myActionMsgGoal.lisp)
Linked: (/home/shaxpy/ey_catkin/devel/.private/pkg_ros_actions/share/common-lisp/ros/pkg_ros_actions/msg/_package_myActionMsgAction.lisp, /home/shaxpy/ey_catkin/devel/share/common-lisp/ros/pkg_ros_actions/msg/_package_myActionMsgAction.lisp)
Linked: (/home/shaxpy/ey_catkin/devel/.private/pkg_ros_actions/share/common-lisp/ros/pkg_ros_actions/msg/_package.lisp, /home/shaxpy/ey_catkin/devel/share/common-lisp/ros/pkg_ros_actions/msg/_package.lisp)
Linked: (/home/shaxpy/ey_catkin/devel/.private/pkg_ros_actions/share/common-lisp/ros/pkg_ros_actions/msg/_package_myActionMsgGoal.lisp, /home/shaxpy/ey_catkin/devel/share/common-lisp/ros/pkg_ros_actions/msg/_package_myActionMsgGoal.lisp)
Linked: (/home/shaxpy/ey_catkin/devel/.private/pkg_ros_actions/share/common-lisp/ros/pkg_ros_actions/msg/pkg_ros_actions-msg.asd, /home/shaxpy/ey_catkin/devel/share/common-lisp/ros/pkg_ros_actions/msg/pkg_ros_actions-msg.asd)
Linked: (/home/shaxpy/ey_catkin/devel/.private/pkg_ros_actions/share/common-lisp/ros/pkg_ros_actions/msg/myActionMsgActionResult.lisp, /home/shaxpy/ey_catkin/devel/share/common-lisp/ros/pkg_ros_actions/msg/myActionMsgActionResult.lisp)
Linked: (/home/shaxpy/ey_catkin/devel/.private/pkg_ros_actions/share/common-lisp/ros/pkg_ros_actions/msg/myActionMsgFeedback.lisp, /home/shaxpy/ey_catkin/devel/share/common-lisp/ros/pkg_ros_actions/msg/myActionMsgFeedback.lisp)
Linked: (/home/shaxpy/ey_catkin/devel/.private/pkg_ros_actions/share/common-lisp/ros/pkg_ros_actions/msg/myActionMsgResult.lisp, /home/shaxpy/ey_catkin/devel/share/common-lisp/ros/pkg_ros_actions/msg/myActionMsgResult.lisp)
Linked: (/home/shaxpy/ey_catkin/devel/.private/pkg_ros_actions/share/common-lisp/ros/pkg_ros_actions/msg/_package_myActionMsgActionResult.lisp, /home/shaxpy/ey_catkin/devel/share/common-lisp/ros/pkg_ros_actions/msg/_package_myActionMsgActionResult.lisp)
Linked: (/home/shaxpy/ey_catkin/devel/.private/pkg_ros_actions/share/common-lisp/ros/pkg_ros_actions/msg/_package_myActionMsgActionFeedback.lisp, /home/shaxpy/ey_catkin/devel/share/common-lisp/ros/pkg_ros_actions/msg/_package_myActionMsgActionFeedback.lisp)
Linked: (/home/shaxpy/ey_catkin/devel/.private/pkg_ros_actions/share/common-lisp/ros/pkg_ros_actions/msg/_package_myActionMsgResult.lisp, /home/shaxpy/ey_catkin/devel/share/common-lisp/ros/pkg_ros_actions/msg/_package_myActionMsgResult.lisp)
Linked: (/home/shaxpy/ey_catkin/devel/.private/pkg_ros_actions/share/common-lisp/ros/pkg_ros_actions/msg/myActionMsgAction.lisp, /home/shaxpy/ey_catkin/devel/share/common-lisp/ros/pkg_ros_actions/msg/myActionMsgAction.lisp)
Linked: (/home/shaxpy/ey_catkin/devel/.private/pkg_ros_actions/share/common-lisp/ros/pkg_ros_actions/msg/myActionMsgActionFeedback.lisp, /home/shaxpy/ey_catkin/devel/share/common-lisp/ros/pkg_ros_actions/msg/myActionMsgActionFeedback.lisp)
Linked: (/home/shaxpy/ey_catkin/devel/.private/pkg_ros_actions/share/common-lisp/ros/pkg_ros_actions/msg/_package_myActionMsgActionGoal.lisp, /home/shaxpy/ey_catkin/devel/share/common-lisp/ros/pkg_ros_actions/msg/_package_myActionMsgActionGoal.lisp)
Linked: (/home/shaxpy/ey_catkin/devel/.private/pkg_ros_actions/share/common-lisp/ros/pkg_ros_actions/msg/_package_myActionMsgFeedback.lisp, /home/shaxpy/ey_catkin/devel/share/common-lisp/ros/pkg_ros_actions/msg/_package_myActionMsgFeedback.lisp)
Linked: (/home/shaxpy/ey_catkin/devel/.private/pkg_ros_actions/share/pkg_ros_actions/msg/myActionMsgResult.msg, /home/shaxpy/ey_catkin/devel/share/pkg_ros_actions/msg/myActionMsgResult.msg)
Linked: (/home/shaxpy/ey_catkin/devel/.private/pkg_ros_actions/share/pkg_ros_actions/msg/myActionMsgAction.msg, /home/shaxpy/ey_catkin/devel/share/pkg_ros_actions/msg/myActionMsgAction.msg)
Linked: (/home/shaxpy/ey_catkin/devel/.private/pkg_ros_actions/share/pkg_ros_actions/msg/myActionMsgActionGoal.msg, /home/shaxpy/ey_catkin/devel/share/pkg_ros_actions/msg/myActionMsgActionGoal.msg)
Linked: (/home/shaxpy/ey_catkin/devel/.private/pkg_ros_actions/share/pkg_ros_actions/msg/myActionMsgActionFeedback.msg, /home/shaxpy/ey_catkin/devel/share/pkg_ros_actions/msg/myActionMsgActionFeedback.msg)
Linked: (/home/shaxpy/ey_catkin/devel/.private/pkg_ros_actions/share/pkg_ros_actions/msg/myActionMsgGoal.msg, /home/shaxpy/ey_catkin/devel/share/pkg_ros_actions/msg/myActionMsgGoal.msg)
Linked: (/home/shaxpy/ey_catkin/devel/.private/pkg_ros_actions/share/pkg_ros_actions/msg/myActionMsgFeedback.msg, /home/shaxpy/ey_catkin/devel/share/pkg_ros_actions/msg/myActionMsgFeedback.msg)
Linked: (/home/shaxpy/ey_catkin/devel/.private/pkg_ros_actions/share/pkg_ros_actions/msg/myActionMsgActionResult.msg, /home/shaxpy/ey_catkin/devel/share/pkg_ros_actions/msg/myActionMsgActionResult.msg)
Linked: (/home/shaxpy/ey_catkin/devel/.private/pkg_ros_actions/share/pkg_ros_actions/cmake/pkg_ros_actions-msg-paths.cmake, /home/shaxpy/ey_catkin/devel/share/pkg_ros_actions/cmake/pkg_ros_actions-msg-paths.cmake)
Linked: (/home/shaxpy/ey_catkin/devel/.private/pkg_ros_actions/share/pkg_ros_actions/cmake/pkg_ros_actionsConfig-version.cmake, /home/shaxpy/ey_catkin/devel/share/pkg_ros_actions/cmake/pkg_ros_actionsConfig-version.cmake)
Linked: (/home/shaxpy/ey_catkin/devel/.private/pkg_ros_actions/share/pkg_ros_actions/cmake/pkg_ros_actionsConfig.cmake, /home/shaxpy/ey_catkin/devel/share/pkg_ros_actions/cmake/pkg_ros_actionsConfig.cmake)
Linked: (/home/shaxpy/ey_catkin/devel/.private/pkg_ros_actions/share/pkg_ros_actions/cmake/pkg_ros_actions-msg-extras.cmake, /home/shaxpy/ey_catkin/devel/share/pkg_ros_actions/cmake/pkg_ros_actions-msg-extras.cmake)
Linked: (/home/shaxpy/ey_catkin/devel/.private/pkg_ros_actions/lib/pkgconfig/pkg_ros_actions.pc, /home/shaxpy/ey_catkin/devel/lib/pkgconfig/pkg_ros_actions.pc)
Linked: (/home/shaxpy/ey_catkin/devel/.private/pkg_ros_actions/lib/python2.7/dist-packages/pkg_ros_actions/__init__.py, /home/shaxpy/ey_catkin/devel/lib/python2.7/dist-packages/pkg_ros_actions/__init__.py)
Linked: (/home/shaxpy/ey_catkin/devel/.private/pkg_ros_actions/lib/python2.7/dist-packages/pkg_ros_actions/msg/_myActionMsgActionResult.py, /home/shaxpy/ey_catkin/devel/lib/python2.7/dist-packages/pkg_ros_actions/msg/_myActionMsgActionResult.py)
Linked: (/home/shaxpy/ey_catkin/devel/.private/pkg_ros_actions/lib/python2.7/dist-packages/pkg_ros_actions/msg/_myActionMsgGoal.py, /home/shaxpy/ey_catkin/devel/lib/python2.7/dist-packages/pkg_ros_actions/msg/_myActionMsgGoal.py)
Linked: (/home/shaxpy/ey_catkin/devel/.private/pkg_ros_actions/lib/python2.7/dist-packages/pkg_ros_actions/msg/_myActionMsgActionGoal.py, /home/shaxpy/ey_catkin/devel/lib/python2.7/dist-packages/pkg_ros_actions/msg/_myActionMsgActionGoal.py)
Linked: (/home/shaxpy/ey_catkin/devel/.private/pkg_ros_actions/lib/python2.7/dist-packages/pkg_ros_actions/msg/_myActionMsgFeedback.py, /home/shaxpy/ey_catkin/devel/lib/python2.7/dist-packages/pkg_ros_actions/msg/_myActionMsgFeedback.py)
Linked: (/home/shaxpy/ey_catkin/devel/.private/pkg_ros_actions/lib/python2.7/dist-packages/pkg_ros_actions/msg/_myActionMsgResult.py, /home/shaxpy/ey_catkin/devel/lib/python2.7/dist-packages/pkg_ros_actions/msg/_myActionMsgResult.py)
Linked: (/home/shaxpy/ey_catkin/devel/.private/pkg_ros_actions/lib/python2.7/dist-packages/pkg_ros_actions/msg/_myActionMsgAction.py, /home/shaxpy/ey_catkin/devel/lib/python2.7/dist-packages/pkg_ros_actions/msg/_myActionMsgAction.py)
Linked: (/home/shaxpy/ey_catkin/devel/.private/pkg_ros_actions/lib/python2.7/dist-packages/pkg_ros_actions/msg/__init__.py, /home/shaxpy/ey_catkin/devel/lib/python2.7/dist-packages/pkg_ros_actions/msg/__init__.py)
Linked: (/home/shaxpy/ey_catkin/devel/.private/pkg_ros_actions/lib/python2.7/dist-packages/pkg_ros_actions/msg/_myActionMsgActionFeedback.py, /home/shaxpy/ey_catkin/devel/lib/python2.7/dist-packages/pkg_ros_actions/msg/_myActionMsgActionFeedback.py)
